16:09:34.140 [main] DEBUG org.apache.poi.openxml4j.opc.PackageRelationshipCollection - Parsing relationship: /_rels/.rels
16:09:34.239 [main] DEBUG org.apache.poi.openxml4j.opc.PackageRelationshipCollection - Parsing relationship: /xl/_rels/workbook.xml.rels
16:09:34.244 [main] DEBUG org.apache.poi.openxml4j.opc.PackageRelationshipCollection - Parsing relationship: /_rels/.rels
16:09:34.335 [main] DEBUG org.apache.poi.openxml4j.opc.PackageRelationshipCollection - Parsing relationship: /xl/_rels/workbook.xml.rels
16:09:34.337 [main] DEBUG org.apache.poi.openxml4j.opc.PackageRelationshipCollection - Parsing relationship: /_rels/.rels
16:09:34.443 [main] DEBUG org.apache.poi.openxml4j.opc.PackageRelationshipCollection - Parsing relationship: /xl/_rels/workbook.xml.rels
16:09:34.446 [main] DEBUG org.apache.poi.openxml4j.opc.PackageRelationshipCollection - Parsing relationship: /_rels/.rels
16:09:34.526 [main] DEBUG org.apache.poi.openxml4j.opc.PackageRelationshipCollection - Parsing relationship: /xl/_rels/workbook.xml.rels
16:09:34.528 [main] DEBUG org.apache.poi.openxml4j.opc.PackageRelationshipCollection - Parsing relationship: /_rels/.rels
16:09:34.593 [main] DEBUG org.apache.poi.openxml4j.opc.PackageRelationshipCollection - Parsing relationship: /xl/_rels/workbook.xml.rels
16:09:34.611 [main] DEBUG org.apache.poi.openxml4j.opc.PackageRelationshipCollection - Parsing relationship: /_rels/.rels
16:09:34.704 [main] DEBUG org.apache.poi.openxml4j.opc.PackageRelationshipCollection - Parsing relationship: /xl/_rels/workbook.xml.rels
16:09:34.708 [main] DEBUG org.apache.poi.openxml4j.opc.PackageRelationshipCollection - Parsing relationship: /_rels/.rels
16:09:34.743 [main] DEBUG org.apache.poi.openxml4j.opc.PackageRelationshipCollection - Parsing relationship: /xl/_rels/workbook.xml.rels
16:09:34.744 [main] DEBUG org.apache.poi.openxml4j.opc.PackageRelationshipCollection - Parsing relationship: /_rels/.rels
16:09:34.778 [main] DEBUG org.apache.poi.openxml4j.opc.PackageRelationshipCollection - Parsing relationship: /xl/_rels/workbook.xml.rels
16:09:34.779 [main] DEBUG org.apache.poi.openxml4j.opc.PackageRelationshipCollection - Parsing relationship: /_rels/.rels
16:09:34.816 [main] DEBUG org.apache.poi.openxml4j.opc.PackageRelationshipCollection - Parsing relationship: /xl/_rels/workbook.xml.rels
16:09:34.819 [main] DEBUG org.apache.poi.openxml4j.opc.PackageRelationshipCollection - Parsing relationship: /_rels/.rels
16:09:34.855 [main] DEBUG org.apache.poi.openxml4j.opc.PackageRelationshipCollection - Parsing relationship: /xl/_rels/workbook.xml.rels
16:09:34.856 [main] DEBUG org.apache.poi.openxml4j.opc.PackageRelationshipCollection - Parsing relationship: /_rels/.rels
16:09:34.907 [main] INFO  testCases.Verify_loginDDT - ---Login Verification Started-----
16:09:40.527 [main] INFO  testCases.Verify_loginDDT - ----Login Validation Started----
16:09:40.876 [main] INFO  testCases.Verify_loginDDT - ---Login Verification Started-----
16:09:46.346 [main] INFO  testCases.Verify_loginDDT - ----Login Validation Started----
16:09:46.409 [main] INFO  testCases.Verify_loginDDT - ---Login Verification Started-----
16:09:51.902 [main] INFO  testCases.Verify_loginDDT - ----Login Validation Started----
16:09:51.998 [main] INFO  testCases.Verify_loginDDT - ---Login Verification Started-----
16:09:57.378 [main] INFO  testCases.Verify_loginDDT - ----Login Validation Started----
16:20:31.304 [main] DEBUG org.testng.TestNG - suiteXmlPath: "D:\AutomationStudy\Mastertest.xml"
16:20:31.957 [main] INFO  org.testng.internal.Utils - [TestNG] Running:
  D:\AutomationStudy\Mastertest.xml

16:20:39.427 [main] INFO  testCases.Verify_login - ---Login Verification Started-----
16:20:45.025 [main] INFO  testCases.Verify_login - ----Login Validation Started----
16:20:45.097 [main] INFO  testCases.Verify_login - **********Login Successfull*****************
16:20:45.099 [main] INFO  testCases.Verify_login - ---Login Verification completed-----
16:20:51.564 [main] INFO  testCases.Verify_loginNegative - ---Login Verification Started-----
16:20:57.087 [main] INFO  testCases.Verify_loginNegative - ----Login Validation Started----
20:08:36.246 [main] DEBUG org.testng.TestNG - suiteXmlPath: "D:\AutomationStudy\Mastertest.xml"
20:08:37.136 [main] INFO  org.testng.internal.Utils - [TestNG] Running:
  D:\AutomationStudy\Mastertest.xml

20:08:47.622 [main] INFO  testCases.login.Verify_login - ---Login Verification Started-----
20:08:53.257 [main] INFO  testCases.login.Verify_login - ----Login Validation Started----
20:08:53.378 [main] INFO  testCases.login.Verify_login - **********Login Successfull*****************
20:08:53.388 [main] INFO  testCases.login.Verify_login - ---Login Verification completed-----
20:09:00.738 [main] INFO  testCases.login.Verify_loginNegative - ---Login Verification Started-----
20:09:06.258 [main] INFO  testCases.login.Verify_loginNegative - ----Login Validation Started----
10:36:10.195 [main] DEBUG org.testng.TestNG - suiteXmlPath: "D:\AutomationStudy\Mastertest.xml"
