13:06:10.662 [main] DEBUG org.apache.poi.openxml4j.opc.PackageRelationshipCollection - Parsing relationship: /xl/_rels/workbook.xml.rels
13:06:10.676 [main] DEBUG org.apache.poi.openxml4j.opc.PackageRelationshipCollection - Parsing relationship: /_rels/.rels
13:06:10.763 [main] INFO  testCases.Verify_loginDDT - ---Login Verification Started-----
13:06:16.262 [main] INFO  testCases.Verify_loginDDT - ----Login Validation Started----
13:06:16.642 [main] INFO  testCases.Verify_loginDDT - ---Login Verification Started-----
13:06:22.116 [main] INFO  testCases.Verify_loginDDT - ----Login Validation Started----
13:06:22.201 [main] INFO  testCases.Verify_loginDDT - ---Login Verification Started-----
13:06:27.572 [main] INFO  testCases.Verify_loginDDT - ----Login Validation Started----
13:06:27.589 [main] INFO  testCases.Verify_loginDDT - ---Login Verification Started-----
13:11:34.040 [main] DEBUG org.testng.TestNG - suiteXmlPath: "D:\AutomationStudy\Mastertest.xml"
13:11:34.620 [main] INFO  org.testng.internal.Utils - [TestNG] Running:
  D:\AutomationStudy\Mastertest.xml

13:13:35.402 [main] DEBUG org.testng.TestNG - suiteXmlPath: "D:\AutomationStudy\Mastertest.xml"
13:13:36.151 [main] INFO  org.testng.internal.Utils - [TestNG] Running:
  D:\AutomationStudy\Mastertest.xml

13:13:40.878 [main] INFO  testCases.Verify_login - ---Login Verification Started-----
13:13:46.292 [main] INFO  testCases.Verify_login - ----Login Validation Started----
13:13:46.364 [main] INFO  testCases.Verify_login - **********Login Successfull*****************
13:13:46.367 [main] INFO  testCases.Verify_login - ---Login Verification completed-----
15:20:21.280 [main] DEBUG org.testng.TestNG - suiteXmlPath: "D:\AutomationStudy\Mastertest.xml"
15:20:22.021 [main] INFO  org.testng.internal.Utils - [TestNG] Running:
  D:\AutomationStudy\Mastertest.xml

15:20:38.990 [main] INFO  testCases.Verify_login - ---Login Verification Started-----
15:20:44.375 [main] INFO  testCases.Verify_login - ----Login Validation Started----
15:20:44.414 [main] INFO  testCases.Verify_login - **********Login Successfull*****************
15:20:44.416 [main] INFO  testCases.Verify_login - ---Login Verification completed-----
16:10:41.496 [main] DEBUG org.testng.TestNG - suiteXmlPath: "D:\AutomationStudy\Mastertest.xml"
16:10:42.415 [main] INFO  org.testng.internal.Utils - [TestNG] Running:
  D:\AutomationStudy\Mastertest.xml

16:11:07.403 [main] INFO  testCases.Verify_login - ---Login Verification Started-----
16:11:12.763 [main] INFO  testCases.Verify_login - ----Login Validation Started----
16:13:03.793 [main] DEBUG org.testng.TestNG - suiteXmlPath: "D:\AutomationStudy\Mastertest.xml"
16:13:04.511 [main] INFO  org.testng.internal.Utils - [TestNG] Running:
  D:\AutomationStudy\Mastertest.xml

16:13:17.127 [main] INFO  testCases.Verify_login - ---Login Verification Started-----
16:13:22.530 [main] INFO  testCases.Verify_login - ----Login Validation Started----
16:17:48.766 [main] DEBUG org.testng.TestNG - suiteXmlPath: "D:\AutomationStudy\Mastertest.xml"
16:17:49.491 [main] INFO  org.testng.internal.Utils - [TestNG] Running:
  D:\AutomationStudy\Mastertest.xml

16:17:55.010 [main] INFO  testCases.Verify_login - ---Login Verification Started-----
16:18:00.440 [main] INFO  testCases.Verify_login - ----Login Validation Started----
16:23:09.382 [main] DEBUG org.testng.TestNG - suiteXmlPath: "D:\AutomationStudy\Mastertest.xml"
16:23:10.062 [main] INFO  org.testng.internal.Utils - [TestNG] Running:
  D:\AutomationStudy\Mastertest.xml

16:23:15.900 [main] INFO  testCases.Verify_login - ---Login Verification Started-----
16:23:21.342 [main] INFO  testCases.Verify_login - ----Login Validation Started----
16:25:22.508 [main] DEBUG org.testng.TestNG - suiteXmlPath: "D:\AutomationStudy\Mastertest.xml"
16:25:23.277 [main] INFO  org.testng.internal.Utils - [TestNG] Running:
  D:\AutomationStudy\Mastertest.xml

16:25:29.258 [main] INFO  testCases.Verify_login - ---Login Verification Started-----
16:25:34.694 [main] INFO  testCases.Verify_login - ----Login Validation Started----
16:03:13.862 [main] DEBUG org.testng.TestNG - suiteXmlPath: "D:\AutomationStudy\Mastertest.xml"
16:03:14.483 [main] INFO  org.testng.internal.Utils - [TestNG] Running:
  D:\AutomationStudy\Mastertest.xml

16:03:28.002 [main] INFO  testCases.Verify_login - ---Login Verification Started-----
16:03:33.499 [main] INFO  testCases.Verify_login - ----Login Validation Started----
16:03:54.081 [main] DEBUG org.testng.TestNG - suiteXmlPath: "D:\AutomationStudy\datadriven.xml"
16:03:54.782 [main] INFO  org.testng.internal.Utils - [TestNG] Running:
  D:\AutomationStudy\datadriven.xml

16:04:00.402 [main] DEBUG org.apache.poi.openxml4j.opc.PackageRelationshipCollection - Parsing relationship: /xl/_rels/workbook.xml.rels
16:04:00.411 [main] DEBUG org.apache.poi.openxml4j.opc.PackageRelationshipCollection - Parsing relationship: /_rels/.rels
16:04:01.648 [main] DEBUG org.apache.poi.openxml4j.opc.PackageRelationshipCollection - Parsing relationship: /xl/_rels/workbook.xml.rels
